SF:lib\utils\appointment_rules.dart
DA:4,2
DA:5,4
DA:8,1
DA:12,1
DA:13,1
DA:15,1
DA:18,1
DA:19,1
LF:8
LH:8
end_of_record
SF:lib\models\appointment_history_model.dart
DA:3,1
DA:24,1
DA:26,1
DA:27,1
DA:31,1
DA:32,1
DA:33,0
DA:34,0
DA:36,0
DA:41,1
DA:42,1
DA:43,1
DA:44,1
DA:45,1
DA:48,1
DA:49,3
DA:54,0
DA:55,0
DA:56,0
DA:57,0
DA:58,0
DA:59,0
DA:60,0
DA:61,0
DA:66,0
DA:76,0
DA:77,0
DA:78,0
DA:79,0
DA:80,0
DA:81,0
DA:82,0
DA:83,0
DA:84,0
DA:88,0
DA:90,0
LF:36
LH:13
end_of_record
SF:lib\models\appointment_status.dart
DA:15,0
DA:18,1
DA:19,2
DA:23,0
DA:24,0
DA:28,1
DA:31,1
DA:32,3
DA:40,0
DA:41,0
LF:10
LH:5
end_of_record
SF:lib\widgets\appointment_history_view.dart
DA:7,1
DA:19,1
DA:21,1
DA:25,2
DA:26,1
DA:27,1
DA:29,1
DA:31,1
DA:32,2
DA:34,1
DA:36,2
DA:44,1
DA:47,2
DA:48,0
DA:49,0
DA:50,1
DA:51,2
DA:52,1
DA:60,1
DA:64,1
DA:66,1
DA:68,1
DA:70,1
DA:72,1
DA:74,1
DA:75,4
DA:78,1
DA:79,3
DA:80,3
DA:87,1
DA:88,1
DA:90,1
DA:92,1
DA:93,1
DA:94,1
DA:95,2
DA:96,1
DA:97,2
DA:98,1
DA:100,1
DA:104,2
DA:105,1
DA:109,1
DA:110,2
DA:111,1
DA:114,3
DA:123,1
DA:124,1
DA:125,1
DA:128,1
DA:131,1
DA:132,1
DA:133,2
DA:134,2
DA:140,2
DA:142,1
DA:143,3
DA:144,2
DA:148,2
DA:149,5
DA:151,1
DA:152,3
DA:153,2
DA:165,1
DA:167,1
DA:169,1
DA:171,1
DA:173,1
DA:175,1
DA:183,1
DA:185,1
DA:187,1
DA:189,1
DA:191,1
DA:193,1
DA:201,1
DA:202,1
DA:203,1
DA:205,2
DA:207,2
DA:208,0
DA:209,2
DA:210,0
DA:211,2
DA:212,0
DA:214,2
LF:86
LH:81
end_of_record
SF:lib\models\availability_slot.dart
DA:7,1
DA:37,0
DA:38,0
DA:39,0
DA:40,0
DA:41,0
DA:42,0
DA:43,0
DA:44,0
DA:45,0
DA:46,0
DA:51,1
DA:52,1
DA:53,1
DA:54,1
DA:55,1
DA:56,1
DA:57,1
DA:58,1
DA:59,1
DA:60,0
DA:65,4
DA:68,0
DA:70,0
DA:72,0
LF:25
LH:11
end_of_record
SF:lib\features\professional\professional_availability_screen.dart
DA:9,2
DA:18,2
DA:20,2
DA:47,2
DA:49,2
DA:50,6
DA:51,2
DA:52,2
DA:53,2
DA:56,2
DA:58,4
DA:59,2
DA:62,2
DA:64,4
DA:66,6
DA:68,2
DA:72,2
DA:74,4
DA:75,0
DA:76,4
DA:77,0
DA:78,0
DA:79,0
DA:82,6
DA:86,2
DA:87,2
DA:88,4
DA:89,2
DA:90,2
DA:94,4
DA:96,0
DA:97,0
DA:102,2
DA:103,8
DA:106,4
DA:113,0
DA:114,0
DA:124,4
DA:130,0
DA:134,6
DA:135,2
DA:137,2
DA:138,2
DA:141,0
DA:143,2
DA:144,4
DA:145,2
DA:146,2
DA:148,3
DA:151,0
DA:152,0
DA:153,0
DA:154,0
DA:155,0
DA:156,0
DA:159,2
DA:160,6
DA:165,0
DA:166,0
DA:168,0
DA:170,0
DA:172,0
DA:173,0
DA:175,0
DA:177,0
DA:178,0
DA:185,0
DA:186,0
DA:188,0
DA:189,0
DA:190,0
DA:191,0
DA:192,0
DA:193,0
DA:194,0
DA:195,0
DA:197,0
DA:198,0
DA:199,0
DA:201,0
DA:202,0
DA:203,0
DA:204,0
DA:206,0
DA:209,0
DA:210,0
DA:211,0
DA:213,0
DA:214,0
DA:215,0
DA:216,0
DA:219,2
DA:222,2
DA:223,1
DA:224,7
DA:226,2
DA:227,2
DA:228,2
DA:232,1
DA:233,3
DA:234,3
DA:235,3
DA:238,1
DA:253,6
DA:256,0
DA:257,0
DA:258,0
DA:259,0
DA:261,0
DA:262,0
DA:263,0
DA:270,0
DA:271,0
DA:272,0
DA:274,0
DA:275,0
DA:279,2
DA:281,4
DA:282,2
DA:284,2
DA:285,6
DA:287,2
DA:288,2
DA:289,2
DA:291,2
DA:293,2
DA:299,2
DA:300,0
DA:301,0
DA:302,0
DA:306,2
DA:307,2
DA:308,0
DA:310,2
DA:311,2
DA:312,2
DA:313,2
DA:314,2
DA:316,2
DA:317,0
DA:321,2
DA:322,2
DA:324,2
DA:325,0
DA:330,2
DA:331,2
DA:332,2
DA:333,0
DA:334,0
DA:335,0
DA:337,2
DA:338,0
DA:339,0
DA:340,0
DA:342,2
DA:343,2
DA:345,2
DA:346,4
DA:347,0
DA:349,0
DA:355,0
DA:356,0
DA:360,0
DA:365,0
DA:366,0
DA:367,0
DA:368,0
DA:372,0
DA:373,0
DA:378,2
DA:379,2
DA:383,2
DA:384,2
DA:385,1
DA:387,1
DA:389,1
DA:390,1
DA:391,1
DA:392,1
DA:393,1
DA:400,1
DA:401,2
DA:403,2
DA:406,1
DA:407,0
DA:408,0
DA:413,1
DA:415,0
DA:421,1
DA:422,2
DA:423,3
DA:428,2
DA:429,2
DA:430,2
DA:431,1
DA:438,1
DA:440,0
DA:441,0
DA:445,0
LF:199
LH:108
end_of_record
